[2025-05-04T23:28:56.652847500] PoobkemonException: Tipo de máquina inválido: invalid_type
[2025-05-04T23:28:56.661966400] PoobkemonException: No pokemon selected
[2025-05-04T23:28:56.678787400] PoobkemonException: No more than 4 moves
[2025-05-04T23:28:56.690891] PoobkemonException: Invalid name
[2025-05-04T23:28:56.693834900] PoobkemonException: Invalid name
[2025-05-04T23:29:07.214938500] PoobkemonException: Tipo de máquina inválido: invalid_type
[2025-05-04T23:29:07.227357400] PoobkemonException: No pokemon selected
[2025-05-04T23:29:07.242622100] PoobkemonException: No more than 4 moves
[2025-05-04T23:29:07.257899900] PoobkemonException: Invalid name
[2025-05-04T23:29:07.259906500] PoobkemonException: Invalid name
[2025-05-04T23:29:12.937920800] PoobkemonException: Tipo de máquina inválido: invalid_type
[2025-05-04T23:29:12.944960500] PoobkemonException: No pokemon selected
[2025-05-04T23:29:12.960043200] PoobkemonException: No more than 4 moves
[2025-05-04T23:29:12.976504100] PoobkemonException: Invalid name
[2025-05-04T23:29:12.978530300] PoobkemonException: Invalid name
[2025-05-04T23:29:17.736705900] PoobkemonException: Tipo de máquina inválido: invalid_type
[2025-05-04T23:29:17.745949600] PoobkemonException: No pokemon selected
[2025-05-04T23:29:17.763946700] PoobkemonException: No more than 4 moves
[2025-05-04T23:29:17.780702800] PoobkemonException: Invalid name
[2025-05-04T23:29:17.782702400] PoobkemonException: Invalid name
[2025-05-09T18:36:38.293427100] PoobkemonException: Tipo de máquina inválido: invalid_type
[2025-05-09T18:36:38.301968600] PoobkemonException: No pokemon selected
[2025-05-09T18:36:38.311919200] PoobkemonException: No more than 4 moves
[2025-05-09T18:36:38.324198500] PoobkemonException: Invalid name
[2025-05-09T18:36:38.325684700] PoobkemonException: Invalid name
[2025-05-10T13:22:34.573142800] PoobkemonException: Tipo de máquina inválido: invalid_type
[2025-05-10T13:22:34.581403100] PoobkemonException: No pokemon selected
[2025-05-10T13:22:34.593615300] PoobkemonException: No more than 4 moves
[2025-05-10T13:22:34.608179200] PoobkemonException: Invalid name
[2025-05-10T13:22:34.610217400] PoobkemonException: Invalid name
[2025-05-16T10:44:05.421900800] PoobkemonException: Tipo de máquina inválido: invalid_type
[2025-05-16T10:44:05.428908700] PoobkemonException: No pokemon selected
[2025-05-16T10:44:05.439434600] PoobkemonException: No more than 4 moves
[2025-05-16T10:44:05.447434100] PoobkemonException: Invalid name
[2025-05-16T10:44:05.448433700] PoobkemonException: Invalid name
[2025-05-16T20:20:54.709612300] PoobkemonException: Tipo de máquina inválido: invalid_type
[2025-05-16T20:20:54.732615400] PoobkemonException: No pokemon selected
[2025-05-16T20:20:54.806619800] PoobkemonException: No more than 4 moves
[2025-05-16T20:20:54.867625100] PoobkemonException: Invalid name
[2025-05-16T20:20:54.875624500] PoobkemonException: Invalid name
[2025-05-16T20:21:11.141321] PoobkemonException: Tipo de máquina inválido: invalid_type
[2025-05-16T20:21:11.166323900] PoobkemonException: No pokemon selected
[2025-05-16T20:21:11.245330100] PoobkemonException: No more than 4 moves
[2025-05-16T20:21:11.318334900] PoobkemonException: Invalid name
[2025-05-16T20:21:11.323334700] PoobkemonException: Invalid name
[2025-05-16T20:22:41.624177400] PoobkemonException: Tipo de máquina inválido: invalid_type
[2025-05-16T20:22:41.648175] PoobkemonException: No pokemon selected
[2025-05-16T20:22:41.703179600] PoobkemonException: No more than 4 moves
[2025-05-16T20:22:41.764184800] PoobkemonException: Invalid name
[2025-05-16T20:22:41.769183800] PoobkemonException: Invalid name
[2025-05-17T21:52:53.437368700] StreamCorruptedException: invalid stream header: ACED2005
[2025-05-17T22:33:36.798436200] PoobkemonException: No more than 6 pokemon can be selected
[2025-05-17T22:33:41.560752500] PoobkemonException: No more than 6 pokemon can be selected
[2025-05-17T23:35:50.139575700] PoobkemonException: Tipo de máquina inválido: invalid_type
[2025-05-17T23:35:50.156577800] PoobkemonException: No pokemon selected
[2025-05-17T23:35:50.203580300] PoobkemonException: No more than 4 moves
[2025-05-17T23:35:50.262587300] PoobkemonException: Invalid name
[2025-05-17T23:35:50.267587100] PoobkemonException: Invalid name
[2025-05-17T23:36:07.744576800] PoobkemonException: Tipo de máquina inválido: invalid_type
[2025-05-17T23:36:07.769578500] PoobkemonException: No pokemon selected
[2025-05-17T23:36:07.825582300] PoobkemonException: No more than 4 moves
[2025-05-17T23:36:07.901588600] PoobkemonException: Invalid name
[2025-05-17T23:36:07.905593200] PoobkemonException: Invalid name
[2025-05-23T22:28:07.633314100] PoobkemonException: Tipo de máquina inválido: invalid_type
[2025-05-23T22:28:07.640281500] PoobkemonException: No pokemon selected
[2025-05-23T22:28:07.658969900] PoobkemonException: No more than 4 moves
[2025-05-23T22:28:20.733156500] PoobkemonException: Tipo de máquina inválido: invalid_type
[2025-05-23T22:28:20.741566600] PoobkemonException: No pokemon selected
[2025-05-23T22:28:20.757687100] PoobkemonException: No more than 4 moves
[2025-05-23T22:28:50.702395100] PoobkemonException: Tipo de máquina inválido: invalid_type
[2025-05-23T22:28:50.711371700] PoobkemonException: No pokemon selected
[2025-05-23T22:28:50.729113] PoobkemonException: No more than 4 moves
[2025-05-23T22:28:50.753418300] PoobkemonException: Invalid name
[2025-05-23T22:28:50.755004800] PoobkemonException: Invalid name
[2025-05-23T22:30:46.390057500] PoobkemonException: Tipo de máquina inválido: invalid_type
[2025-05-23T22:30:46.399152300] PoobkemonException: No pokemon selected
[2025-05-23T22:30:46.417445100] PoobkemonException: No more than 4 moves
[2025-05-23T22:30:46.436835900] PoobkemonException: Invalid name
[2025-05-23T22:30:46.438831600] PoobkemonException: Invalid name
[2025-05-23T22:31:27.099118800] PoobkemonException: Tipo de máquina inválido: invalid_type
[2025-05-23T22:31:27.107273600] PoobkemonException: No pokemon selected
[2025-05-23T22:31:27.124383100] PoobkemonException: No more than 4 moves
[2025-05-23T22:31:27.143360900] PoobkemonException: Invalid name
[2025-05-23T22:31:27.144868900] PoobkemonException: Invalid name
[2025-05-23T22:31:30.042974500] PoobkemonException: Tipo de máquina inválido: invalid_type
[2025-05-23T22:31:30.052019500] PoobkemonException: No pokemon selected
[2025-05-23T22:31:30.070599400] PoobkemonException: No more than 4 moves
[2025-05-23T22:31:30.088496600] PoobkemonException: Invalid name
[2025-05-23T22:31:30.091014800] PoobkemonException: Invalid name
[2025-05-23T22:31:32.290126500] PoobkemonException: Tipo de máquina inválido: invalid_type
[2025-05-23T22:31:32.299146600] PoobkemonException: No pokemon selected
[2025-05-23T22:31:32.317448400] PoobkemonException: No more than 4 moves
[2025-05-23T22:31:32.335232100] PoobkemonException: Invalid name
[2025-05-23T22:31:32.337238700] PoobkemonException: Invalid name
[2025-05-23T22:31:35.004290900] PoobkemonException: Tipo de máquina inválido: invalid_type
[2025-05-23T22:31:35.014854500] PoobkemonException: No pokemon selected
[2025-05-23T22:31:35.034243500] PoobkemonException: No more than 4 moves
[2025-05-23T22:31:35.055858] PoobkemonException: Invalid name
[2025-05-23T22:31:35.057857900] PoobkemonException: Invalid name
[2025-05-23T22:31:37.773327900] PoobkemonException: Tipo de máquina inválido: invalid_type
[2025-05-23T22:31:37.783117900] PoobkemonException: No pokemon selected
[2025-05-23T22:31:37.798547200] PoobkemonException: No more than 4 moves
[2025-05-23T22:33:17.399948200] PoobkemonException: Tipo de máquina inválido: invalid_type
[2025-05-23T22:33:17.408975100] PoobkemonException: No pokemon selected
[2025-05-23T22:33:17.428171700] PoobkemonException: No more than 4 moves
[2025-05-23T22:33:17.472121400] PoobkemonException: Invalid name
[2025-05-23T22:33:17.474629500] PoobkemonException: Invalid name
[2025-05-23T22:33:49.643072900] PoobkemonException: Tipo de máquina inválido: invalid_type
[2025-05-23T22:33:49.651905600] PoobkemonException: No pokemon selected
[2025-05-23T22:33:49.667032400] PoobkemonException: No more than 4 moves
[2025-05-23T22:33:49.685114300] PoobkemonException: Invalid name
[2025-05-23T22:33:49.687114] PoobkemonException: Invalid name
[2025-05-23T22:34:02.295793100] PoobkemonException: Tipo de máquina inválido: invalid_type
[2025-05-23T22:34:02.305655900] PoobkemonException: No pokemon selected
[2025-05-23T22:34:02.320292900] PoobkemonException: No more than 4 moves
[2025-05-23T22:34:02.336180] PoobkemonException: Invalid name
[2025-05-23T22:34:02.337684800] PoobkemonException: Invalid name
[2025-05-23T22:34:05.715760100] PoobkemonException: Tipo de máquina inválido: invalid_type
[2025-05-23T22:34:05.725550400] PoobkemonException: No pokemon selected
[2025-05-23T22:34:05.740339600] PoobkemonException: No more than 4 moves
